<?xml version="1.0" encoding="UTF-8"?>
<!-- Generated by org.testng.reporters.JUnitReportReporter -->
<testsuite hostname="Avass-MacBook-Air.local" failures="0" tests="1" name="login.api.test.DoctorTest" time="2.404" errors="0" timestamp="26 Jul 2025 15:03:09 GMT" skipped="0">
  <testcase classname="login.api.test.DoctorTest" name="testRegister" time="2.404"/>
</testsuite> <!-- login.api.test.DoctorTest -->
