<?xml version="1.0" encoding="UTF-8"?>
<!-- Generated by org.testng.reporters.JUnitReportReporter -->
<testsuite hostname="Avass-MacBook-Air.local" failures="0" tests="1" name="login.api.test.LoginTest" time="2.581" errors="0" timestamp="26 Jul 2025 08:55:56 GMT" skipped="0">
  <testcase classname="login.api.test.LoginTest" name="getRequest" time="2.581"/>
</testsuite> <!-- login.api.test.LoginTest -->
